<?xml version="1.0" encoding="UTF-8"?>
<!-- Generated by org.testng.reporters.JUnitXMLReporter -->
<testsuite ignored="0" hostname="user-PC" failures="0" tests="3" name="SmokeTest" time="0.155" errors="0" timestamp="2022-10-19T11:10:10 IST">
  <testcase classname="testingPackahge.Test1" name="fb" time="0.012"/>
  <testcase classname="testingPackahge.Test2" name="twitter" time="0.0"/>
  <testcase classname="testingPackahge.Test3" name="wordpress" time="0.011"/>
</testsuite> <!-- SmokeTest -->
